The Nmap command to be run is nmap -A -sCV -vvv -p 22,80 10.10.216.229

Starting Nmap 7.91 ( https://nmap.org ) at 2021-03-11 08:34 UTC
NSE: Loaded 153 scripts for scanning.
NSE: Script Pre-scanning.
NSE: Starting runlevel 1 (of 3) scan.
Initiating NSE at 08:34
Completed NSE at 08:34, 0.00s elapsed
NSE: Starting runlevel 2 (of 3) scan.
Initiating NSE at 08:34
Completed NSE at 08:34, 0.00s elapsed
NSE: Starting runlevel 3 (of 3) scan.
Initiating NSE at 08:34
Completed NSE at 08:34, 0.00s elapsed
Initiating Ping Scan at 08:34
Scanning 10.10.216.229 [4 ports]
Completed Ping Scan at 08:34, 0.47s elapsed (1 total hosts)
Initiating SYN Stealth Scan at 08:34
Scanning wekor.thm (10.10.216.229) [2 ports]
Discovered open port 22/tcp on 10.10.216.229
Discovered open port 80/tcp on 10.10.216.229
Completed SYN Stealth Scan at 08:34, 0.59s elapsed (2 total ports)
Initiating Service scan at 08:34
Scanning 2 services on wekor.thm (10.10.216.229)
Completed Service scan at 08:34, 7.24s elapsed (2 services on 1 host)
Initiating OS detection (try #1) against wekor.thm (10.10.216.229)
Retrying OS detection (try #2) against wekor.thm (10.10.216.229)
Initiating Traceroute at 08:34
Completed Traceroute at 08:34, 3.02s elapsed
Initiating Parallel DNS resolution of 1 host. at 08:34
Completed Parallel DNS resolution of 1 host. at 08:34, 0.05s elapsed
DNS resolution of 1 IPs took 0.05s. Mode: Async [#: 4, OK: 0, NX: 1, DR: 0, SF: 0, TR: 1, CN: 0]
NSE: Script scanning 10.10.216.229.
NSE: Starting runlevel 1 (of 3) scan.
Initiating NSE at 08:34
Completed NSE at 08:34, 13.83s elapsed
NSE: Starting runlevel 2 (of 3) scan.
Initiating NSE at 08:34
Completed NSE at 08:35, 2.16s elapsed
NSE: Starting runlevel 3 (of 3) scan.
Initiating NSE at 08:35
Completed NSE at 08:35, 0.00s elapsed
Nmap scan report for wekor.thm (10.10.216.229)
Host is up, received timestamp-reply ttl 61 (0.42s latency).
Scanned at 2021-03-11 08:34:26 UTC for 36s

PORT   STATE SERVICE REASON         VERSION
22/tcp open  ssh     syn-ack ttl 61 OpenSSH 7.2p2 Ubuntu 4ubuntu2.10 (Ubuntu Linux; protocol 2.0)
| ssh-hostkey: 
|   2048 95:c3:ce:af:07:fa:e2:8e:29:04:e4:cd:14:6a:21:b5 (RSA)
| ssh-rsa AAAAB3NzaC1yc2EAAAADAQABAAABAQDn0l/KSmAk6LfT9R73YXvsc6g8qGZvMS+A5lJ19L4G5xbhSpCoEN0kBEZZQfI80sEU7boAfD0/VcdFhURkPxDUdN1wN7a/4alpMMMKf2ey0tpnWTn9nM9JVVI9rloaiD8nIuLesjigq+eEQCaEijfArUtzAJpESwRHrtm2OWTJ+PYNt1NDIbQm1HJHPasD7Im/wW6MF04mB04UrTwhWBHV4lziH7Rk8DYOI1xxfzz7J8bIatuWaRe879XtYA0RgepMzoXKHfLXrOlWJusPtMO2x+ATN2CBEhnNzxiXq+2In/RYMu58uvPBeabSa74BthiucrdJdSwobYVIL27kCt89
|   256 4d:99:b5:68:af:bb:4e:66:ce:72:70:e6:e3:f8:96:a4 (ECDSA)
| ecdsa-sha2-nistp256 AAAAE2VjZHNhLXNoYTItbmlzdHAyNTYAAAAIbmlzdHAyNTYAAABBBKJLaFNlUUzaESL+JpUKy/u7jH4OX+57J/GtTCgmoGOg4Fh8mGqS8r5HAgBMg/Bq2i9OHuTMuqazw//oQtRYOhE=
|   256 0d:e5:7d:e8:1a:12:c0:dd:b7:66:5e:98:34:55:59:f6 (ED25519)
|_ssh-ed25519 AAAAC3NzaC1lZDI1NTE5AAAAIJvvZ5IaMI7DHXHlMkfmqQeKKGHVMSEYbz0bYhIqPp62
80/tcp open  http    syn-ack ttl 61 Apache httpd 2.4.18 ((Ubuntu))
| http-methods: 
|_  Supported Methods: OPTIONS GET HEAD POST
| http-robots.txt: 9 disallowed entries 
| /workshop/ /root/ /lol/ /agent/ /feed /crawler /boot 
|_/comingreallysoon /interesting
|_http-server-header: Apache/2.4.18 (Ubuntu)
|_http-title: Site doesn't have a title (text/html).
Warning: OSScan results may be unreliable because we could not find at least 1 open and 1 closed port
OS fingerprint not ideal because: Missing a closed TCP port so results incomplete
Aggressive OS guesses: Linux 3.1 (95%), Linux 3.2 (95%), AXIS 210A or 211 Network Camera (Linux 2.6.17) (94%), ASUS RT-N56U WAP (Linux 3.4) (93%), Linux 3.16 (93%), Linux 2.6.32 (92%), Linux 2.6.39 - 3.2 (92%), Linux 3.1 - 3.2 (92%), Linux 3.2 - 4.9 (92%), Linux 3.7 - 3.10 (92%)
No exact OS matches for host (test conditions non-ideal).
TCP/IP fingerprint:
SCAN(V=7.91%E=4%D=3/11%OT=22%CT=%CU=37298%PV=Y%DS=4%DC=T%G=N%TM=6049D636%P=x86_64-pc-linux-gnu)
SEQ(SP=102%GCD=1%ISR=110%TI=Z%CI=Z%II=RI%TS=A)
OPS(O1=M505ST11NW7%O2=M505ST11NW7%O3=M505NNT11NW7%O4=M505ST11NW7%O5=M505ST11NW7%O6=M505ST11)
WIN(W1=F4B3%W2=F4B3%W3=F4B3%W4=F4B3%W5=F4B3%W6=F4B3)
ECN(R=Y%DF=Y%T=40%W=F507%O=M505NNSNW7%CC=Y%Q=)
T1(R=Y%DF=Y%T=40%S=O%A=S+%F=AS%RD=0%Q=)
T2(R=N)
T3(R=N)
T4(R=Y%DF=Y%T=40%W=0%S=A%A=Z%F=R%O=%RD=0%Q=)
T5(R=Y%DF=Y%T=40%W=0%S=Z%A=S+%F=AR%O=%RD=0%Q=)
T6(R=Y%DF=Y%T=40%W=0%S=A%A=Z%F=R%O=%RD=0%Q=)
T7(R=Y%DF=Y%T=40%W=0%S=Z%A=S+%F=AR%O=%RD=0%Q=)
U1(R=Y%DF=N%T=40%IPL=164%UN=0%RIPL=G%RID=G%RIPCK=G%RUCK=G%RUD=G)
IE(R=Y%DFI=N%T=40%CD=S)

Uptime guess: 21.386 days (since Wed Feb 17 23:18:54 2021)
Network Distance: 4 hops
TCP Sequence Prediction: Difficulty=260 (Good luck!)
IP ID Sequence Generation: All zeros
Service Info: OS: Linux; CPE: cpe:/o:linux:linux_kernel

TRACEROUTE (using port 22/tcp)
HOP RTT       ADDRESS
1   162.79 ms 10.4.0.1
2   ... 3
4   419.63 ms wekor.thm (10.10.216.229)

NSE: Script Post-scanning.
NSE: Starting runlevel 1 (of 3) scan.
Initiating NSE at 08:35
Completed NSE at 08:35, 0.00s elapsed
NSE: Starting runlevel 2 (of 3) scan.
Initiating NSE at 08:35
Completed NSE at 08:35, 0.00s elapsed
NSE: Starting runlevel 3 (of 3) scan.
Initiating NSE at 08:35
Completed NSE at 08:35, 0.00s elapsed
Read data files from: /usr/bin/../share/nmap
OS and Service detection performed. Please report any incorrect results at https://nmap.org/submit/ .
Nmap done: 1 IP address (1 host up) scanned in 38.00 seconds
           Raw packets sent: 69 (4.696KB) | Rcvd: 41 (3.104KB)
